[Sun Nov  6 14:55:53 2011] [info] Server listening (http://*:3000)
[Sun Nov  6 14:58:18 2011] [info] Server listening (http://*:8080)
[Sun Nov  6 14:58:28 2011] [debug] Your secret passphrase needs to be changed!!!
[Sun Nov  6 14:58:28 2011] [debug] GET /jobs (curl/7.19.7 (universal-apple-darwin10.0) libcurl/7.19.7 OpenSSL/0.9.8r zlib/1.2.3).
[Sun Nov  6 14:58:28 2011] [debug] Dispatching callback.
[Sun Nov  6 14:58:28 2011] [debug] 200 OK (0.003824s, 261.506/s).
[Sun Nov  6 14:58:43 2011] [info] Server listening (http://*:8080)
[Sun Nov  6 14:58:49 2011] [debug] Your secret passphrase needs to be changed!!!
[Sun Nov  6 14:58:49 2011] [debug] GET /jobs (curl/7.19.7 (universal-apple-darwin10.0) libcurl/7.19.7 OpenSSL/0.9.8r zlib/1.2.3).
[Sun Nov  6 14:58:49 2011] [debug] Dispatching callback.
[Sun Nov  6 14:58:49 2011] [debug] 200 OK (0.004410s, 226.757/s).
[Sun Nov  6 14:58:50 2011] [debug] GET /jobs (curl/7.19.7 (universal-apple-darwin10.0) libcurl/7.19.7 OpenSSL/0.9.8r zlib/1.2.3).
[Sun Nov  6 14:58:50 2011] [debug] Dispatching callback.
[Sun Nov  6 14:58:50 2011] [debug] 200 OK (0.001671s, 598.444/s).
[Sun Nov  6 14:59:48 2011] [info] Server listening (http://*:8080)
[Sun Nov  6 15:00:40 2011] [info] Server listening (http://*:8080)
[Sun Nov  6 15:02:51 2011] [info] Server listening (http://*:8080)
[Sun Nov  6 15:05:49 2011] [info] Server listening (http://*:8080)
[Sun Nov  6 15:06:59 2011] [info] Server listening (http://*:8080)
[Sun Nov  6 15:08:13 2011] [info] Server listening (http://*:8080)
[Sun Nov  6 15:13:13 2011] [info] Server listening (http://*:8080)
[Sun Nov  6 15:13:18 2011] [debug] Your secret passphrase needs to be changed!!!
[Sun Nov  6 15:13:18 2011] [debug] GET /jobs (curl/7.19.7 (universal-apple-darwin10.0) libcurl/7.19.7 OpenSSL/0.9.8r zlib/1.2.3).
[Sun Nov  6 15:13:18 2011] [debug] Dispatching callback.
[Sun Nov  6 15:13:18 2011] [debug] 200 OK (0.004133s, 241.955/s).
[Sun Nov  6 16:28:05 2011] [info] Server listening (http://*:8080)
[Sun Nov  6 16:30:16 2011] [info] Server listening (http://*:8080)
[Sun Nov  6 17:24:55 2011] [info] Server listening (http://*:8080)
[Sun Nov  6 17:35:09 2011] [info] Server listening (http://*:8080)
[Sun Nov  6 17:36:18 2011] [info] Server listening (http://*:8080)
[Sun Nov  6 17:50:27 2011] [info] Server listening (http://*:3000)
[Sun Nov  6 18:06:38 2011] [debug] Your secret passphrase needs to be changed!!!
[Sun Nov  6 18:06:38 2011] [debug] GET /jobs (curl/7.19.7 (universal-apple-darwin10.0) libcurl/7.19.7 OpenSSL/0.9.8r zlib/1.2.3).
[Sun Nov  6 18:06:38 2011] [debug] Dispatching callback.
[Sun Nov  6 18:06:38 2011] [debug] 200 OK (0.002444s, 409.165/s).
[Sun Nov  6 18:08:10 2011] [debug] Your secret passphrase needs to be changed!!!
[Sun Nov  6 18:08:10 2011] [debug] GET /jobs (curl/7.19.7 (universal-apple-darwin10.0) libcurl/7.19.7 OpenSSL/0.9.8r zlib/1.2.3).
[Sun Nov  6 18:08:10 2011] [debug] Dispatching callback.
[Sun Nov  6 18:08:10 2011] [debug] 200 OK (0.003947s, 253.357/s).
[Sun Nov  6 20:19:03 2011] [debug] Your secret passphrase needs to be changed!!!
[Sun Nov  6 20:19:03 2011] [debug] GET /jobs (curl/7.19.7 (universal-apple-darwin10.0) libcurl/7.19.7 OpenSSL/0.9.8r zlib/1.2.3).
[Sun Nov  6 20:19:03 2011] [debug] Dispatching callback.
[Sun Nov  6 20:19:03 2011] [debug] 200 OK (0.002346s, 426.257/s).
[Sun Nov  6 20:21:04 2011] [debug] Your secret passphrase needs to be changed!!!
[Sun Nov  6 20:21:04 2011] [debug] GET /jobs (curl/7.19.7 (universal-apple-darwin10.0) libcurl/7.19.7 OpenSSL/0.9.8r zlib/1.2.3).
[Sun Nov  6 20:21:04 2011] [debug] Dispatching callback.
[Sun Nov  6 20:21:04 2011] [debug] 200 OK (0.002424s, 412.541/s).
[Sun Nov  6 20:32:29 2011] [debug] Your secret passphrase needs to be changed!!!
[Sun Nov  6 20:32:29 2011] [debug] GET /jobs (curl/7.19.7 (universal-apple-darwin10.0) libcurl/7.19.7 OpenSSL/0.9.8r zlib/1.2.3).
[Sun Nov  6 20:32:29 2011] [debug] Dispatching callback.
[Sun Nov  6 20:32:29 2011] [debug] 200 OK (0.005440s, 183.824/s).
